Looking for git in: git
Using git 2.17.1 from git
> git rev-parse --show-toplevel
> git rev-parse --git-dir
> git config --get commit.template
Open repository: /home/cemal-pro/Documents/Repos/todo-app
> git status -z -u
> git symbolic-ref --short HEAD
> git rev-parse enhancement
> git rev-parse --symbolic-full-name enhancement@{u}
> git rev-list --left-right enhancement...refs/remotes/origin/enhancement
> git for-each-ref --format %(refname) %(objectname) --sort -committerdate
> git remote --verbose
> git check-ignore -v -z --stdin
> git check-ignore -v -z --stdin
> git check-ignore -v -z --stdin
> git check-ignore -v -z --stdin
> git check-ignore -v -z --stdin
> git check-ignore -v -z --stdin
> git check-ignore -v -z --stdin
> git check-ignore -v -z --stdin
> git show :src/components/App/container/ListPanel/view/ListPanelView.css
> git status -z -u
> git symbolic-ref --short HEAD
> git rev-parse enhancement
> git rev-parse --symbolic-full-name enhancement@{u}
> git rev-list --left-right enhancement...refs/remotes/origin/enhancement
> git for-each-ref --format %(refname) %(objectname) --sort -committerdate
> git remote --verbose
> git status -z -u
> git symbolic-ref --short HEAD
> git rev-parse enhancement
> git rev-parse --symbolic-full-name enhancement@{u}
> git rev-list --left-right enhancement...refs/remotes/origin/enhancement
> git for-each-ref --format %(refname) %(objectname) --sort -committerdate
> git remote --verbose
