[2019-08-25 13:33:09.520] [exthost] [info] extension host started
[2019-08-25 13:33:09.527] [exthost] [info] ExtensionService#_doActivateExtension vscode.debug-auto-launch {"startup":true,"activationEvent":"*"}
[2019-08-25 13:33:09.527] [exthost] [info] ExtensionService#loadCommonJSModule /snap/code/13/usr/share/code/resources/app/extensions/debug-auto-launch/dist/extension
[2019-08-25 13:33:09.530] [exthost] [info] ExtensionService#_doActivateExtension vscode.emmet {"startup":true,"activationEvent":"*"}
[2019-08-25 13:33:09.530] [exthost] [info] ExtensionService#loadCommonJSModule /snap/code/13/usr/share/code/resources/app/extensions/emmet/dist/extension
[2019-08-25 13:33:09.571] [exthost] [info] ExtensionService#_doActivateExtension vscode.git {"startup":true,"activationEvent":"*"}
[2019-08-25 13:33:09.571] [exthost] [info] ExtensionService#loadCommonJSModule /snap/code/13/usr/share/code/resources/app/extensions/git/dist/main
[2019-08-25 13:33:09.650] [exthost] [info] ExtensionService#_doActivateExtension vscode.merge-conflict {"startup":true,"activationEvent":"*"}
[2019-08-25 13:33:09.650] [exthost] [info] ExtensionService#loadCommonJSModule /snap/code/13/usr/share/code/resources/app/extensions/merge-conflict/dist/extension
[2019-08-25 13:33:09.655] [exthost] [info] ExtensionService#_doActivateExtension CoenraadS.bracket-pair-colorizer {"startup":true,"activationEvent":"*"}
[2019-08-25 13:33:09.655] [exthost] [info] ExtensionService#loadCommonJSModule /home/cemal-pro/.vscode/extensions/coenraads.bracket-pair-colorizer-1.0.61/out/src/extension
[2019-08-25 13:33:09.667] [exthost] [info] eager extensions activated
[2019-08-25 13:33:18.956] [exthost] [info] extension host started
[2019-08-25 13:33:18.964] [exthost] [info] ExtensionService#_doActivateExtension vscode.debug-auto-launch {"startup":true,"activationEvent":"*"}
[2019-08-25 13:33:18.964] [exthost] [info] ExtensionService#loadCommonJSModule /snap/code/13/usr/share/code/resources/app/extensions/debug-auto-launch/dist/extension
[2019-08-25 13:33:18.966] [exthost] [info] ExtensionService#_doActivateExtension vscode.emmet {"startup":true,"activationEvent":"*"}
[2019-08-25 13:33:18.966] [exthost] [info] ExtensionService#loadCommonJSModule /snap/code/13/usr/share/code/resources/app/extensions/emmet/dist/extension
[2019-08-25 13:33:18.996] [exthost] [info] ExtensionService#_doActivateExtension vscode.git {"startup":true,"activationEvent":"*"}
[2019-08-25 13:33:18.996] [exthost] [info] ExtensionService#loadCommonJSModule /snap/code/13/usr/share/code/resources/app/extensions/git/dist/main
[2019-08-25 13:33:19.054] [exthost] [info] ExtensionService#_doActivateExtension vscode.merge-conflict {"startup":true,"activationEvent":"*"}
[2019-08-25 13:33:19.054] [exthost] [info] ExtensionService#loadCommonJSModule /snap/code/13/usr/share/code/resources/app/extensions/merge-conflict/dist/extension
[2019-08-25 13:33:19.057] [exthost] [info] ExtensionService#_doActivateExtension CoenraadS.bracket-pair-colorizer {"startup":true,"activationEvent":"*"}
[2019-08-25 13:33:19.057] [exthost] [info] ExtensionService#loadCommonJSModule /home/cemal-pro/.vscode/extensions/coenraads.bracket-pair-colorizer-1.0.61/out/src/extension
[2019-08-25 13:33:19.067] [exthost] [info] eager extensions activated
[2019-08-25 13:33:39.037] [exthost] [info] ExtensionService#_doActivateExtension vscode.typescript-language-features {"startup":false,"activationEvent":"onLanguage:javascript"}
[2019-08-25 13:33:39.037] [exthost] [info] ExtensionService#loadCommonJSModule /snap/code/13/usr/share/code/resources/app/extensions/typescript-language-features/dist/extension
[2019-08-25 13:33:52.453] [exthost] [info] ExtensionService#_doActivateExtension vscode.extension-editing {"startup":false,"activationEvent":"onLanguage:typescript"}
[2019-08-25 13:33:52.453] [exthost] [info] ExtensionService#loadCommonJSModule /snap/code/13/usr/share/code/resources/app/extensions/extension-editing/dist/extension
[2019-08-25 13:39:32.667] [exthost] [error] [vscode.typescript-language-features] provider FAILED
[2019-08-25 13:39:32.668] [exthost] [error] Error: <semantic> TypeScript Server Error (3.5.2)
Debug Failure.
Error: Debug Failure.
    at Object.assertDefined (tsserver.js:2080:24)
    at getRangeToExtract (tsserver.js:119434:43)
    at Object.getAvailableActions (tsserver.js:119398:28)
    at tsserver.js:112890:128
    at getIterator (tsserver.js:627:23)
    at Object.next (tsserver.js:622:35)
    at Object.arrayFrom (tsserver.js:1255:95)
    at Object.getApplicableRefactors (tsserver.js:112889:23)
    at Object.getApplicableRefactors (tsserver.js:122652:32)
    at IOSession.Session.getApplicableRefactors (tsserver.js:131421:53)
    at Session.handlers.ts.createMapFromTemplate._a.(anonymous function) (tsserver.js:130239:61)
    at tsserver.js:131665:88
    at IOSession.Session.executeWithRequestId (tsserver.js:131656:28)
    at IOSession.Session.executeCommand (tsserver.js:131665:33)
    at IOSession.Session.onMessage (tsserver.js:131687:35)
    at Interface.<anonymous> (tsserver.js:132978:27)
    at Interface.emit (events.js:182:13)
    at Interface._onLine (readline.js:290:10)
    at Interface._normalWrite (readline.js:433:12)
    at Socket.ondata (readline.js:149:10)
    at Socket.emit (events.js:182:13)
    at addChunk (_stream_readable.js:283:12)
    at readableAddChunk (_stream_readable.js:264:11)
    at Socket.Readable.push (_stream_readable.js:219:10)
    at Pipe.onStreamRead [as onread] (internal/stream_base_commons.js:94:17)
	at Function.create (/snap/code/13/usr/share/code/resources/app/extensions/typescript-language-features/dist/extension.js:53:63463)
	at h.dispatchResponse (/snap/code/13/usr/share/code/resources/app/extensions/typescript-language-features/dist/extension.js:53:56618)
	at h.dispatchMessage (/snap/code/13/usr/share/code/resources/app/extensions/typescript-language-features/dist/extension.js:53:55516)
	at constructor._reader.onData.e (/snap/code/13/usr/share/code/resources/app/extensions/typescript-language-features/dist/extension.js:53:54992)
	at u.fire (/snap/code/13/usr/share/code/resources/app/out/vs/workbench/services/extensions/node/extensionHostProcess.js:50:207)
	at t.Reader.onLengthData (/snap/code/13/usr/share/code/resources/app/extensions/typescript-language-features/dist/extension.js:53:61683)
	at Socket.t.Reader.constructor.e.on.e (/snap/code/13/usr/share/code/resources/app/extensions/typescript-language-features/dist/extension.js:53:61331)
	at Socket.emit (events.js:182:13)
	at addChunk (_stream_readable.js:283:12)
	at readableAddChunk (_stream_readable.js:264:11)
	at Socket.Readable.push (_stream_readable.js:219:10)
	at Pipe.onStreamRead [as onread] (internal/stream_base_commons.js:94:17)
