[2019-07-09 20:29:40.666] [exthost] [info] extension host started
[2019-07-09 20:29:40.682] [exthost] [info] ExtensionService#_doActivateExtension pucelle.vscode-css-navigation {"startup":false,"activationEvent":"onLanguage:plaintext"}
[2019-07-09 20:29:40.682] [exthost] [info] ExtensionService#loadCommonJSModule /home/cemal-pro/.vscode/extensions/pucelle.vscode-css-navigation-1.6.2/client/out/extension
[2019-07-09 20:29:40.737] [exthost] [info] ExtensionService#_doActivateExtension vscode.debug-auto-launch {"startup":true,"activationEvent":"*"}
[2019-07-09 20:29:40.737] [exthost] [info] ExtensionService#loadCommonJSModule /snap/code/10/usr/share/code/resources/app/extensions/debug-auto-launch/dist/extension
[2019-07-09 20:29:40.743] [exthost] [info] ExtensionService#_doActivateExtension vscode.emmet {"startup":true,"activationEvent":"*"}
[2019-07-09 20:29:40.743] [exthost] [info] ExtensionService#loadCommonJSModule /snap/code/10/usr/share/code/resources/app/extensions/emmet/dist/extension
[2019-07-09 20:29:40.764] [exthost] [info] ExtensionService#_doActivateExtension vscode.git {"startup":true,"activationEvent":"*"}
[2019-07-09 20:29:40.764] [exthost] [info] ExtensionService#loadCommonJSModule /snap/code/10/usr/share/code/resources/app/extensions/git/dist/main
[2019-07-09 20:29:40.890] [exthost] [info] ExtensionService#_doActivateExtension vscode.merge-conflict {"startup":true,"activationEvent":"*"}
[2019-07-09 20:29:40.890] [exthost] [info] ExtensionService#loadCommonJSModule /snap/code/10/usr/share/code/resources/app/extensions/merge-conflict/dist/extension
[2019-07-09 20:29:40.897] [exthost] [info] ExtensionService#_doActivateExtension CoenraadS.bracket-pair-colorizer {"startup":true,"activationEvent":"*"}
[2019-07-09 20:29:40.897] [exthost] [info] ExtensionService#loadCommonJSModule /home/cemal-pro/.vscode/extensions/coenraads.bracket-pair-colorizer-1.0.61/out/src/extension
[2019-07-09 20:29:40.918] [exthost] [info] eager extensions activated
[2019-07-09 20:29:47.769] [exthost] [info] extension host started
[2019-07-09 20:29:47.785] [exthost] [info] ExtensionService#_doActivateExtension pucelle.vscode-css-navigation {"startup":false,"activationEvent":"onLanguage:plaintext"}
[2019-07-09 20:29:47.785] [exthost] [info] ExtensionService#loadCommonJSModule /home/cemal-pro/.vscode/extensions/pucelle.vscode-css-navigation-1.6.2/client/out/extension
[2019-07-09 20:29:47.832] [exthost] [info] ExtensionService#_doActivateExtension vscode.debug-auto-launch {"startup":true,"activationEvent":"*"}
[2019-07-09 20:29:47.832] [exthost] [info] ExtensionService#loadCommonJSModule /snap/code/10/usr/share/code/resources/app/extensions/debug-auto-launch/dist/extension
[2019-07-09 20:29:47.836] [exthost] [info] ExtensionService#_doActivateExtension vscode.emmet {"startup":true,"activationEvent":"*"}
[2019-07-09 20:29:47.836] [exthost] [info] ExtensionService#loadCommonJSModule /snap/code/10/usr/share/code/resources/app/extensions/emmet/dist/extension
[2019-07-09 20:29:47.853] [exthost] [info] ExtensionService#_doActivateExtension vscode.git {"startup":true,"activationEvent":"*"}
[2019-07-09 20:29:47.853] [exthost] [info] ExtensionService#loadCommonJSModule /snap/code/10/usr/share/code/resources/app/extensions/git/dist/main
[2019-07-09 20:29:47.943] [exthost] [info] ExtensionService#_doActivateExtension vscode.merge-conflict {"startup":true,"activationEvent":"*"}
[2019-07-09 20:29:47.943] [exthost] [info] ExtensionService#loadCommonJSModule /snap/code/10/usr/share/code/resources/app/extensions/merge-conflict/dist/extension
[2019-07-09 20:29:47.946] [exthost] [info] ExtensionService#_doActivateExtension CoenraadS.bracket-pair-colorizer {"startup":true,"activationEvent":"*"}
[2019-07-09 20:29:47.946] [exthost] [info] ExtensionService#loadCommonJSModule /home/cemal-pro/.vscode/extensions/coenraads.bracket-pair-colorizer-1.0.61/out/src/extension
[2019-07-09 20:29:47.955] [exthost] [info] eager extensions activated
[2019-07-09 20:34:03.605] [exthost] [info] ExtensionService#_doActivateExtension vscode.css-language-features {"startup":false,"activationEvent":"onLanguage:css"}
[2019-07-09 20:34:03.605] [exthost] [info] ExtensionService#loadCommonJSModule /snap/code/10/usr/share/code/resources/app/extensions/css-language-features/client/dist/cssMain
[2019-07-09 20:34:09.372] [exthost] [info] ExtensionService#_doActivateExtension vscode.html-language-features {"startup":false,"activationEvent":"onLanguage:html"}
[2019-07-09 20:34:09.372] [exthost] [info] ExtensionService#loadCommonJSModule /snap/code/10/usr/share/code/resources/app/extensions/html-language-features/client/dist/htmlMain
