Looking for git in: git
Using git 2.17.1 from git
> git rev-parse --show-toplevel
> git rev-parse --git-dir
> git config --get commit.template
Open repository: /home/cemal-pro/Documents/Repos/todo-app
> git status -z -u
> git check-ignore -v -z --stdin
> git check-ignore -v -z --stdin
> git check-ignore -v -z --stdin
> git check-ignore -v -z --stdin
> git check-ignore -v -z --stdin
> git check-ignore -v -z --stdin
> git check-ignore -v -z --stdin
> git check-ignore -v -z --stdin
> git check-ignore -v -z --stdin
> git show :frontend/src/components/App/container/ListPanel/container/ListItem.js
> git check-ignore -v -z --stdin
> git check-ignore -v -z --stdin
> git show :frontend/src/components/App/container/ToDoPanel/container/ToDoItem.js
> git show :frontend/src/components/App/container/ListPanel/container/ListItem.js
> git check-ignore -v -z --stdin
> git show :frontend/src/components/App/container/ToDoPanel/view/ToDoPanelView.js
> git show :frontend/src/components/App/container/ToDoPanel/container/DueTimePanel.js
> git show :frontend/src/components/App/container/ToDoPanel/view/ToDoPanelView.js
> git show :frontend/src/components/App/container/ToDoPanel/container/DueTimePanel.js
